<?xml version="1.0" encoding="UTF-8"?>
<testng-results ignored="0" total="1" passed="1" failed="0" skipped="0">
  <reporter-output>
    <line>
      <![CDATA[=====Browser session has started=====]]>
    </line>
    <line>
      <![CDATA[=====Application started=====]]>
    </line>
    <line>
      <![CDATA[=====Browser session has ended=====]]>
    </line>
  </reporter-output>
  <suite started-at="2020-07-26T18:37:42 IST" name="Default suite" finished-at="2020-07-26T18:38:22 IST" duration-ms="39292">
    <groups>
    </groups>
    <test started-at="2020-07-26T18:37:42 IST" name="Default test" finished-at="2020-07-26T18:38:22 IST" duration-ms="39292">
      <class name="Assignment1.Selectable">
        <test-method is-config="true" signature="SetUpConfiguration()[pri:0, instance:Assignment1.Selectable@45018215]" started-at="2020-07-26T18:37:42 IST" name="SetUpConfiguration" finished-at="2020-07-26T18:38:11 IST" duration-ms="28493" status="PASS">
          <reporter-output>
            <line>
              <![CDATA[=====Browser session has started=====]]>
            </line>
            <line>
              <![CDATA[=====Application started=====]]>
            </line>
          </reporter-output>
        </test-method> <!-- SetUpConfiguration -->
        <test-method signature="SelectItems()[pri:0, instance:Assignment1.Selectable@45018215]" started-at="2020-07-26T18:38:11 IST" name="SelectItems" finished-at="2020-07-26T18:38:21 IST" duration-ms="10378" status="PASS">
          <reporter-output>
          </reporter-output>
        </test-method> <!-- SelectItems -->
        <test-method is-config="true" signature="ExitBrowser()[pri:0, instance:Assignment1.Selectable@45018215]" started-at="2020-07-26T18:38:21 IST" name="ExitBrowser" finished-at="2020-07-26T18:38:22 IST" duration-ms="240" status="PASS">
          <reporter-output>
            <line>
              <![CDATA[=====Browser session has ended=====]]>
            </line>
          </reporter-output>
        </test-method> <!-- ExitBrowser -->
      </class> <!-- Assignment1.Selectable -->
    </test> <!-- Default test -->
  </suite> <!-- Default suite -->
</testng-results>
